{"message":"Connected to DB ","level":"info"}
{"message":"Listening on Port 5100","level":"info"}
{"message":"Connected to DB ","level":"info"}
{"message":"Listening on Port 5100","level":"info"}
{"message":"Connected to DB ","level":"info"}
{"message":"Listening on Port 5100","level":"info"}
{"message":"Connected to DB ","level":"info"}
{"message":"Listening on Port 5100","level":"info"}
{"message":"Connected to DB ","level":"info"}
{"message":"Listening on Port 5100","level":"info"}
{"message":"Listening on Port 5100","level":"info"}
{"message":"Connected to DB ","level":"info"}
{"message":"Listening on Port 5100","level":"info"}
{"message":"Connected to DB ","level":"info"}
{"message":"Listening on Port 5100","level":"info"}
{"message":"Connected to DB ","level":"info"}
{"message":"Listening on Port 5100","level":"info"}
{"message":"Connected to DB ","level":"info"}
{"message":"Listening on Port 5100","level":"info"}
{"message":"Listening on Port 5100","level":"info"}
{"message":"Connected to DB ","level":"info"}
{"message":"Listening on Port 5100","level":"info"}
{"message":"Connected to DB ","level":"info"}
{"message":"Listening on Port 5100","level":"info"}
{"message":"Connected to DB ","level":"info"}
{"message":"Listening on Port 5100","level":"info"}
{"message":"Connected to DB ","level":"info"}
{"message":"Listening on Port 5100","level":"info"}
{"message":"Connected to DB ","level":"info"}
{"message":"Listening on Port 5100","level":"info"}
{"message":"Connected to DB ","level":"info"}
{"message":"Listening on Port 5100","level":"info"}
{"message":"Connected to DB ","level":"info"}
{"message":"Listening on Port 5100","level":"info"}
{"message":"Connected to DB ","level":"info"}
{"message":"Connected to DB ","level":"info"}
{"message":"Listening on Port 5100","level":"info"}
{"message":"Listening on Port 5100","level":"info"}
{"message":"Connected to DB ","level":"info"}
{"message":"Connected to DB ","level":"info"}
{"message":"Connected to DB ","level":"info"}
{"message":"Connected to DB ","level":"info"}
{"message":"Connected to DB ","level":"info"}
{"message":"Listening on Port 5100","level":"info"}
{"message":"Connected to DB ","level":"info"}
{"message":"Listening on Port 5100","level":"info"}
{"message":"Connected to DB ","level":"info"}
{"message":"Listening on Port 5100","level":"info"}
{"message":"Connected to DB ","level":"info"}
{"message":"Listening on Port 5100","level":"info"}
{"message":"Connected to DB ","level":"info"}
{"message":"Listening on Port 5100","level":"info"}
{"message":"Connected to DB ","level":"info"}
{"message":"Listening on Port 5100","level":"info"}
{"message":"Connected to DB ","level":"info"}
{"message":"Connected to DB ","level":"info"}
{"message":"Connected to DB ","level":"info"}
{"message":"Connected to DB ","level":"info"}
{"message":"Connected to DB ","level":"info"}
{"message":"Connected to DB ","level":"info"}
{"message":"Connected to DB ","level":"info"}
{"message":"Connected to DB ","level":"info"}
{"message":"Connected to DB ","level":"info"}
{"message":"Connected to DB ","level":"info"}
{"message":"Connected to DB ","level":"info"}
{"message":"Connected to DB ","level":"info"}
{"message":"Connected to DB ","level":"info"}
{"message":"Connected to DB ","level":"info"}
{"message":"Connected to DB ","level":"info"}
{"message":"Connected to DB ","level":"info"}
{"message":"Connected to DB ","level":"info"}
{"message":"Connected to DB ","level":"info"}
{"message":"Connected to DB ","level":"info"}
{"message":"Connected to DB ","level":"info"}
{"message":"Connected to DB ","level":"info"}
{"message":"Connected to DB ","level":"info"}
{"message":"Connected to DB ","level":"info"}
{"message":"Connected to DB ","level":"info"}
{"message":"Connected to DB ","level":"info"}
{"message":"Connected to DB ","level":"info"}
{"message":"request entity too large request entity too large","expected":1207715,"length":1207715,"limit":102400,"type":"entity.too.large","level":"error","stack":"PayloadTooLargeError: request entity too large\n    at readStream (/Users/leoyang/Desktop/Grandone_FullStack/Backend/node_modules/raw-body/index.js:155:17)\n    at getRawBody (/Users/leoyang/Desktop/Grandone_FullStack/Backend/node_modules/raw-body/index.js:108:12)\n    at read (/Users/leoyang/Desktop/Grandone_FullStack/Backend/node_modules/body-parser/lib/read.js:77:3)\n    at jsonParser (/Users/leoyang/Desktop/Grandone_FullStack/Backend/node_modules/body-parser/lib/types/json.js:135:5)\n    at newFn (/Users/leoyang/Desktop/Grandone_FullStack/Backend/node_modules/express-async-errors/index.js:16:20)\n    at Layer.handle [as handle_request] (/Users/leoyang/Desktop/Grandone_FullStack/Backend/node_modules/express/lib/router/layer.js:95:5)\n    at trim_prefix (/Users/leoyang/Desktop/Grandone_FullStack/Backend/node_modules/express/lib/router/index.js:317:13)\n    at /Users/leoyang/Desktop/Grandone_FullStack/Backend/node_modules/express/lib/router/index.js:284:7\n    at Function.process_params (/Users/leoyang/Desktop/Grandone_FullStack/Backend/node_modules/express/lib/router/index.js:335:12)\n    at next (/Users/leoyang/Desktop/Grandone_FullStack/Backend/node_modules/express/lib/router/index.js:275:10)"}
{"message":"Connected to DB ","level":"info"}
{"message":"request entity too large request entity too large","expected":1207715,"length":1207715,"limit":102400,"type":"entity.too.large","level":"error","stack":"PayloadTooLargeError: request entity too large\n    at readStream (/Users/leoyang/Desktop/Grandone_FullStack/Backend/node_modules/raw-body/index.js:155:17)\n    at getRawBody (/Users/leoyang/Desktop/Grandone_FullStack/Backend/node_modules/raw-body/index.js:108:12)\n    at read (/Users/leoyang/Desktop/Grandone_FullStack/Backend/node_modules/body-parser/lib/read.js:77:3)\n    at jsonParser (/Users/leoyang/Desktop/Grandone_FullStack/Backend/node_modules/body-parser/lib/types/json.js:135:5)\n    at newFn (/Users/leoyang/Desktop/Grandone_FullStack/Backend/node_modules/express-async-errors/index.js:16:20)\n    at Layer.handle [as handle_request] (/Users/leoyang/Desktop/Grandone_FullStack/Backend/node_modules/express/lib/router/layer.js:95:5)\n    at trim_prefix (/Users/leoyang/Desktop/Grandone_FullStack/Backend/node_modules/express/lib/router/index.js:317:13)\n    at /Users/leoyang/Desktop/Grandone_FullStack/Backend/node_modules/express/lib/router/index.js:284:7\n    at Function.process_params (/Users/leoyang/Desktop/Grandone_FullStack/Backend/node_modules/express/lib/router/index.js:335:12)\n    at next (/Users/leoyang/Desktop/Grandone_FullStack/Backend/node_modules/express/lib/router/index.js:275:10)"}
{"expose":true,"statusCode":400,"status":400,"body":"{\n\t\"title\":\"joban6@gmail.com\",\n\n}","type":"entity.parse.failed","level":"error","message":"Unexpected token } in JSON at position 32 Unexpected token } in JSON at position 32","stack":"SyntaxError: Unexpected token } in JSON at position 32\n    at JSON.parse (<anonymous>)\n    at parse (/Users/leoyang/Desktop/Grandone_FullStack/Backend/node_modules/body-parser/lib/types/json.js:89:19)\n    at /Users/leoyang/Desktop/Grandone_FullStack/Backend/node_modules/body-parser/lib/read.js:121:18\n    at invokeCallback (/Users/leoyang/Desktop/Grandone_FullStack/Backend/node_modules/raw-body/index.js:224:16)\n    at done (/Users/leoyang/Desktop/Grandone_FullStack/Backend/node_modules/raw-body/index.js:213:7)\n    at IncomingMessage.onEnd (/Users/leoyang/Desktop/Grandone_FullStack/Backend/node_modules/raw-body/index.js:273:7)\n    at IncomingMessage.emit (events.js:333:22)\n    at endReadableNT (_stream_readable.js:1204:12)\n    at processTicksAndRejections (internal/process/task_queues.js:84:21)"}
{"message":"request entity too large request entity too large","expected":1207715,"length":1207715,"limit":102400,"type":"entity.too.large","level":"error","stack":"PayloadTooLargeError: request entity too large\n    at readStream (/Users/leoyang/Desktop/Grandone_FullStack/Backend/node_modules/raw-body/index.js:155:17)\n    at getRawBody (/Users/leoyang/Desktop/Grandone_FullStack/Backend/node_modules/raw-body/index.js:108:12)\n    at read (/Users/leoyang/Desktop/Grandone_FullStack/Backend/node_modules/body-parser/lib/read.js:77:3)\n    at jsonParser (/Users/leoyang/Desktop/Grandone_FullStack/Backend/node_modules/body-parser/lib/types/json.js:135:5)\n    at newFn (/Users/leoyang/Desktop/Grandone_FullStack/Backend/node_modules/express-async-errors/index.js:16:20)\n    at Layer.handle [as handle_request] (/Users/leoyang/Desktop/Grandone_FullStack/Backend/node_modules/express/lib/router/layer.js:95:5)\n    at trim_prefix (/Users/leoyang/Desktop/Grandone_FullStack/Backend/node_modules/express/lib/router/index.js:317:13)\n    at /Users/leoyang/Desktop/Grandone_FullStack/Backend/node_modules/express/lib/router/index.js:284:7\n    at Function.process_params (/Users/leoyang/Desktop/Grandone_FullStack/Backend/node_modules/express/lib/router/index.js:335:12)\n    at next (/Users/leoyang/Desktop/Grandone_FullStack/Backend/node_modules/express/lib/router/index.js:275:10)"}
{"message":"Connected to DB ","level":"info"}
{"message":"Connected to DB ","level":"info"}
{"message":"Connected to DB ","level":"info"}
{"message":"request entity too large request entity too large","expected":1207714,"length":1207714,"limit":102400,"type":"entity.too.large","level":"error","stack":"PayloadTooLargeError: request entity too large\n    at readStream (/Users/leoyang/Desktop/Grandone_FullStack/Backend/node_modules/raw-body/index.js:155:17)\n    at getRawBody (/Users/leoyang/Desktop/Grandone_FullStack/Backend/node_modules/raw-body/index.js:108:12)\n    at read (/Users/leoyang/Desktop/Grandone_FullStack/Backend/node_modules/body-parser/lib/read.js:77:3)\n    at jsonParser (/Users/leoyang/Desktop/Grandone_FullStack/Backend/node_modules/body-parser/lib/types/json.js:135:5)\n    at newFn (/Users/leoyang/Desktop/Grandone_FullStack/Backend/node_modules/express-async-errors/index.js:16:20)\n    at Layer.handle [as handle_request] (/Users/leoyang/Desktop/Grandone_FullStack/Backend/node_modules/express/lib/router/layer.js:95:5)\n    at trim_prefix (/Users/leoyang/Desktop/Grandone_FullStack/Backend/node_modules/express/lib/router/index.js:317:13)\n    at /Users/leoyang/Desktop/Grandone_FullStack/Backend/node_modules/express/lib/router/index.js:284:7\n    at Function.process_params (/Users/leoyang/Desktop/Grandone_FullStack/Backend/node_modules/express/lib/router/index.js:335:12)\n    at next (/Users/leoyang/Desktop/Grandone_FullStack/Backend/node_modules/express/lib/router/index.js:275:10)"}
{"message":"Connected to DB ","level":"info"}
{"message":"request entity too large request entity too large","expected":1207709,"length":1207709,"limit":102400,"type":"entity.too.large","level":"error","stack":"PayloadTooLargeError: request entity too large\n    at readStream (/Users/leoyang/Desktop/Grandone_FullStack/Backend/node_modules/raw-body/index.js:155:17)\n    at getRawBody (/Users/leoyang/Desktop/Grandone_FullStack/Backend/node_modules/raw-body/index.js:108:12)\n    at read (/Users/leoyang/Desktop/Grandone_FullStack/Backend/node_modules/body-parser/lib/read.js:77:3)\n    at jsonParser (/Users/leoyang/Desktop/Grandone_FullStack/Backend/node_modules/body-parser/lib/types/json.js:135:5)\n    at newFn (/Users/leoyang/Desktop/Grandone_FullStack/Backend/node_modules/express-async-errors/index.js:16:20)\n    at Layer.handle [as handle_request] (/Users/leoyang/Desktop/Grandone_FullStack/Backend/node_modules/express/lib/router/layer.js:95:5)\n    at trim_prefix (/Users/leoyang/Desktop/Grandone_FullStack/Backend/node_modules/express/lib/router/index.js:317:13)\n    at /Users/leoyang/Desktop/Grandone_FullStack/Backend/node_modules/express/lib/router/index.js:284:7\n    at Function.process_params (/Users/leoyang/Desktop/Grandone_FullStack/Backend/node_modules/express/lib/router/index.js:335:12)\n    at next (/Users/leoyang/Desktop/Grandone_FullStack/Backend/node_modules/express/lib/router/index.js:275:10)"}
{"message":"Connected to DB ","level":"info"}
{"message":"request entity too large request entity too large","expected":1207709,"length":1207709,"limit":102400,"type":"entity.too.large","level":"error","stack":"PayloadTooLargeError: request entity too large\n    at readStream (/Users/leoyang/Desktop/Grandone_FullStack/Backend/node_modules/raw-body/index.js:155:17)\n    at getRawBody (/Users/leoyang/Desktop/Grandone_FullStack/Backend/node_modules/raw-body/index.js:108:12)\n    at read (/Users/leoyang/Desktop/Grandone_FullStack/Backend/node_modules/body-parser/lib/read.js:77:3)\n    at jsonParser (/Users/leoyang/Desktop/Grandone_FullStack/Backend/node_modules/body-parser/lib/types/json.js:135:5)\n    at newFn (/Users/leoyang/Desktop/Grandone_FullStack/Backend/node_modules/express-async-errors/index.js:16:20)\n    at Layer.handle [as handle_request] (/Users/leoyang/Desktop/Grandone_FullStack/Backend/node_modules/express/lib/router/layer.js:95:5)\n    at trim_prefix (/Users/leoyang/Desktop/Grandone_FullStack/Backend/node_modules/express/lib/router/index.js:317:13)\n    at /Users/leoyang/Desktop/Grandone_FullStack/Backend/node_modules/express/lib/router/index.js:284:7\n    at Function.process_params (/Users/leoyang/Desktop/Grandone_FullStack/Backend/node_modules/express/lib/router/index.js:335:12)\n    at next (/Users/leoyang/Desktop/Grandone_FullStack/Backend/node_modules/express/lib/router/index.js:275:10)"}
{"message":"Connected to DB ","level":"info"}
{"message":"request entity too large request entity too large","expected":1207709,"length":1207709,"limit":102400,"type":"entity.too.large","level":"error","stack":"PayloadTooLargeError: request entity too large\n    at readStream (/Users/leoyang/Desktop/Grandone_FullStack/Backend/node_modules/raw-body/index.js:155:17)\n    at getRawBody (/Users/leoyang/Desktop/Grandone_FullStack/Backend/node_modules/raw-body/index.js:108:12)\n    at read (/Users/leoyang/Desktop/Grandone_FullStack/Backend/node_modules/body-parser/lib/read.js:77:3)\n    at jsonParser (/Users/leoyang/Desktop/Grandone_FullStack/Backend/node_modules/body-parser/lib/types/json.js:135:5)\n    at newFn (/Users/leoyang/Desktop/Grandone_FullStack/Backend/node_modules/express-async-errors/index.js:16:20)\n    at Layer.handle [as handle_request] (/Users/leoyang/Desktop/Grandone_FullStack/Backend/node_modules/express/lib/router/layer.js:95:5)\n    at trim_prefix (/Users/leoyang/Desktop/Grandone_FullStack/Backend/node_modules/express/lib/router/index.js:317:13)\n    at /Users/leoyang/Desktop/Grandone_FullStack/Backend/node_modules/express/lib/router/index.js:284:7\n    at Function.process_params (/Users/leoyang/Desktop/Grandone_FullStack/Backend/node_modules/express/lib/router/index.js:335:12)\n    at next (/Users/leoyang/Desktop/Grandone_FullStack/Backend/node_modules/express/lib/router/index.js:275:10)"}
{"message":"request entity too large request entity too large","expected":1207709,"length":1207709,"limit":102400,"type":"entity.too.large","level":"error","stack":"PayloadTooLargeError: request entity too large\n    at readStream (/Users/leoyang/Desktop/Grandone_FullStack/Backend/node_modules/raw-body/index.js:155:17)\n    at getRawBody (/Users/leoyang/Desktop/Grandone_FullStack/Backend/node_modules/raw-body/index.js:108:12)\n    at read (/Users/leoyang/Desktop/Grandone_FullStack/Backend/node_modules/body-parser/lib/read.js:77:3)\n    at jsonParser (/Users/leoyang/Desktop/Grandone_FullStack/Backend/node_modules/body-parser/lib/types/json.js:135:5)\n    at newFn (/Users/leoyang/Desktop/Grandone_FullStack/Backend/node_modules/express-async-errors/index.js:16:20)\n    at Layer.handle [as handle_request] (/Users/leoyang/Desktop/Grandone_FullStack/Backend/node_modules/express/lib/router/layer.js:95:5)\n    at trim_prefix (/Users/leoyang/Desktop/Grandone_FullStack/Backend/node_modules/express/lib/router/index.js:317:13)\n    at /Users/leoyang/Desktop/Grandone_FullStack/Backend/node_modules/express/lib/router/index.js:284:7\n    at Function.process_params (/Users/leoyang/Desktop/Grandone_FullStack/Backend/node_modules/express/lib/router/index.js:335:12)\n    at next (/Users/leoyang/Desktop/Grandone_FullStack/Backend/node_modules/express/lib/router/index.js:275:10)"}
{"message":"Connected to DB ","level":"info"}
{"message":"Connected to DB ","level":"info"}
{"message":"request entity too large request entity too large","expected":1207700,"length":1207700,"limit":102400,"type":"entity.too.large","level":"error","stack":"PayloadTooLargeError: request entity too large\n    at readStream (/Users/leoyang/Desktop/Grandone_FullStack/Backend/node_modules/raw-body/index.js:155:17)\n    at getRawBody (/Users/leoyang/Desktop/Grandone_FullStack/Backend/node_modules/raw-body/index.js:108:12)\n    at read (/Users/leoyang/Desktop/Grandone_FullStack/Backend/node_modules/body-parser/lib/read.js:77:3)\n    at jsonParser (/Users/leoyang/Desktop/Grandone_FullStack/Backend/node_modules/body-parser/lib/types/json.js:135:5)\n    at newFn (/Users/leoyang/Desktop/Grandone_FullStack/Backend/node_modules/express-async-errors/index.js:16:20)\n    at Layer.handle [as handle_request] (/Users/leoyang/Desktop/Grandone_FullStack/Backend/node_modules/express/lib/router/layer.js:95:5)\n    at trim_prefix (/Users/leoyang/Desktop/Grandone_FullStack/Backend/node_modules/express/lib/router/index.js:317:13)\n    at /Users/leoyang/Desktop/Grandone_FullStack/Backend/node_modules/express/lib/router/index.js:284:7\n    at Function.process_params (/Users/leoyang/Desktop/Grandone_FullStack/Backend/node_modules/express/lib/router/index.js:335:12)\n    at next (/Users/leoyang/Desktop/Grandone_FullStack/Backend/node_modules/express/lib/router/index.js:275:10)"}
{"message":"request entity too large request entity too large","expected":1207700,"length":1207700,"limit":102400,"type":"entity.too.large","level":"error","stack":"PayloadTooLargeError: request entity too large\n    at readStream (/Users/leoyang/Desktop/Grandone_FullStack/Backend/node_modules/raw-body/index.js:155:17)\n    at getRawBody (/Users/leoyang/Desktop/Grandone_FullStack/Backend/node_modules/raw-body/index.js:108:12)\n    at read (/Users/leoyang/Desktop/Grandone_FullStack/Backend/node_modules/body-parser/lib/read.js:77:3)\n    at jsonParser (/Users/leoyang/Desktop/Grandone_FullStack/Backend/node_modules/body-parser/lib/types/json.js:135:5)\n    at newFn (/Users/leoyang/Desktop/Grandone_FullStack/Backend/node_modules/express-async-errors/index.js:16:20)\n    at Layer.handle [as handle_request] (/Users/leoyang/Desktop/Grandone_FullStack/Backend/node_modules/express/lib/router/layer.js:95:5)\n    at trim_prefix (/Users/leoyang/Desktop/Grandone_FullStack/Backend/node_modules/express/lib/router/index.js:317:13)\n    at /Users/leoyang/Desktop/Grandone_FullStack/Backend/node_modules/express/lib/router/index.js:284:7\n    at Function.process_params (/Users/leoyang/Desktop/Grandone_FullStack/Backend/node_modules/express/lib/router/index.js:335:12)\n    at next (/Users/leoyang/Desktop/Grandone_FullStack/Backend/node_modules/express/lib/router/index.js:275:10)"}
{"message":"request entity too large request entity too large","expected":1207694,"length":1207694,"limit":102400,"type":"entity.too.large","level":"error","stack":"PayloadTooLargeError: request entity too large\n    at readStream (/Users/leoyang/Desktop/Grandone_FullStack/Backend/node_modules/raw-body/index.js:155:17)\n    at getRawBody (/Users/leoyang/Desktop/Grandone_FullStack/Backend/node_modules/raw-body/index.js:108:12)\n    at read (/Users/leoyang/Desktop/Grandone_FullStack/Backend/node_modules/body-parser/lib/read.js:77:3)\n    at jsonParser (/Users/leoyang/Desktop/Grandone_FullStack/Backend/node_modules/body-parser/lib/types/json.js:135:5)\n    at newFn (/Users/leoyang/Desktop/Grandone_FullStack/Backend/node_modules/express-async-errors/index.js:16:20)\n    at Layer.handle [as handle_request] (/Users/leoyang/Desktop/Grandone_FullStack/Backend/node_modules/express/lib/router/layer.js:95:5)\n    at trim_prefix (/Users/leoyang/Desktop/Grandone_FullStack/Backend/node_modules/express/lib/router/index.js:317:13)\n    at /Users/leoyang/Desktop/Grandone_FullStack/Backend/node_modules/express/lib/router/index.js:284:7\n    at Function.process_params (/Users/leoyang/Desktop/Grandone_FullStack/Backend/node_modules/express/lib/router/index.js:335:12)\n    at next (/Users/leoyang/Desktop/Grandone_FullStack/Backend/node_modules/express/lib/router/index.js:275:10)"}
{"message":"Connected to DB ","level":"info"}
{"message":"Connected to DB ","level":"info"}
{"message":"Connected to DB ","level":"info"}
{"message":"Connected to DB ","level":"info"}
{"message":"Connected to DB ","level":"info"}
{"message":"Connected to DB ","level":"info"}
{"message":"Connected to DB ","level":"info"}
{"message":"Connected to DB ","level":"info"}
{"message":"Connected to DB ","level":"info"}
{"message":"Connected to DB ","level":"info"}
{"message":"Connected to DB ","level":"info"}
{"message":"Connected to DB ","level":"info"}
{"message":"Connected to DB ","level":"info"}
{"message":"Connected to DB ","level":"info"}
{"message":"Connected to DB ","level":"info"}
{"message":"Connected to DB ","level":"info"}
{"message":"Connected to DB ","level":"info"}
{"message":"Connected to DB ","level":"info"}
{"message":"Connected to DB ","level":"info"}
{"message":"Connected to DB ","level":"info"}
{"message":"Connected to DB ","level":"info"}
{"message":"Connected to DB ","level":"info"}
{"message":"Connected to DB ","level":"info"}
{"message":"Connected to DB ","level":"info"}
{"message":"Connected to DB ","level":"info"}
{"message":"Connected to DB ","level":"info"}
{"message":"Connected to DB ","level":"info"}
{"message":"Connected to DB ","level":"info"}
{"message":"Connected to DB ","level":"info"}
{"message":"Connected to DB ","level":"info"}
{"message":"Connected to DB ","level":"info"}
{"message":"Connected to DB ","level":"info"}
{"message":"Connected to DB ","level":"info"}
{"message":"Connected to DB ","level":"info"}
{"message":"Connected to DB ","level":"info"}
{"message":"Connected to DB ","level":"info"}
{"message":"Connected to DB ","level":"info"}
{"message":"Connected to DB ","level":"info"}
{"message":"Connected to DB ","level":"info"}
{"message":"Connected to DB ","level":"info"}
{"message":"Connected to DB ","level":"info"}
{"message":"Connected to DB ","level":"info"}
{"message":"Connected to DB ","level":"info"}
{"message":"Connected to DB ","level":"info"}
{"message":"Connected to DB ","level":"info"}
{"message":"Connected to DB ","level":"info"}
{"message":"Connected to DB ","level":"info"}
{"message":"Connected to DB ","level":"info"}
{"message":"Connected to DB ","level":"info"}
{"message":"Connected to DB ","level":"info"}
{"message":"Connected to DB ","level":"info"}
{"message":"Connected to DB ","level":"info"}
{"message":"Connected to DB ","level":"info"}
{"message":"Connected to DB ","level":"info"}
{"message":"Connected to DB ","level":"info"}
{"message":"Connected to DB ","level":"info"}
{"message":"Connected to DB ","level":"info"}
{"message":"Connected to DB ","level":"info"}
{"message":"Connected to DB ","level":"info"}
{"message":"Connected to DB ","level":"info"}
{"message":"Connected to DB ","level":"info"}
{"message":"Connected to DB ","level":"info"}
{"message":"Connected to DB ","level":"info"}
{"message":"Connected to DB ","level":"info"}
{"message":"Connected to DB ","level":"info"}
{"message":"Connected to DB ","level":"info"}
{"message":"Connected to DB ","level":"info"}
{"message":"Connected to DB ","level":"info"}
{"message":"Connected to DB ","level":"info"}
{"message":"Connected to DB ","level":"info"}
{"message":"Connected to DB ","level":"info"}
{"message":"Connected to DB ","level":"info"}
{"message":"Connected to DB ","level":"info"}
{"message":"Connected to DB ","level":"info"}
{"message":"Connected to DB ","level":"info"}
{"message":"Connected to DB ","level":"info"}
{"message":"Connected to DB ","level":"info"}
{"message":"Connected to DB ","level":"info"}
{"message":"Connected to DB ","level":"info"}
{"message":"Connected to DB ","level":"info"}
{"message":"Connected to DB ","level":"info"}
{"message":"Connected to DB ","level":"info"}
{"message":"Connected to DB ","level":"info"}
{"message":"Connected to DB ","level":"info"}
{"message":"Connected to DB ","level":"info"}
{"message":"Connected to DB ","level":"info"}
{"message":"Connected to DB ","level":"info"}
{"message":"Connected to DB ","level":"info"}
{"message":"Connected to DB ","level":"info"}
{"message":"Connected to DB ","level":"info"}
{"message":"Connected to DB ","level":"info"}
{"message":"Connected to DB ","level":"info"}
{"level":"error","message":"Assignment to constant variable. Assignment to constant variable.","stack":"TypeError: Assignment to constant variable.\n    at /Users/leoyang/Desktop/Grandone_FullStack/Backend/routes/users.js:19:8\n    at processTicksAndRejections (internal/process/task_queues.js:97:5)"}
{"message":"Connected to DB ","level":"info"}
{"level":"error","message":"Assignment to constant variable. Assignment to constant variable.","stack":"TypeError: Assignment to constant variable.\n    at /Users/leoyang/Desktop/Grandone_FullStack/Backend/routes/users.js:19:8\n    at processTicksAndRejections (internal/process/task_queues.js:97:5)"}
{"message":"Connected to DB ","level":"info"}
{"level":"error","message":"Assignment to constant variable. Assignment to constant variable.","stack":"TypeError: Assignment to constant variable.\n    at /Users/leoyang/Desktop/Grandone_FullStack/Backend/routes/users.js:19:8\n    at processTicksAndRejections (internal/process/task_queues.js:97:5)"}
{"level":"error","message":"Assignment to constant variable. Assignment to constant variable.","stack":"TypeError: Assignment to constant variable.\n    at /Users/leoyang/Desktop/Grandone_FullStack/Backend/routes/users.js:19:8\n    at processTicksAndRejections (internal/process/task_queues.js:97:5)"}
{"message":"Connected to DB ","level":"info"}
{"message":"Connected to DB ","level":"info"}
{"level":"error","message":"Assignment to constant variable. Assignment to constant variable.","stack":"TypeError: Assignment to constant variable.\n    at /Users/leoyang/Desktop/Grandone_FullStack/Backend/routes/users.js:19:8\n    at processTicksAndRejections (internal/process/task_queues.js:97:5)"}
{"message":"Connected to DB ","level":"info"}
{"level":"error","message":"Assignment to constant variable. Assignment to constant variable.","stack":"TypeError: Assignment to constant variable.\n    at /Users/leoyang/Desktop/Grandone_FullStack/Backend/routes/users.js:19:8\n    at processTicksAndRejections (internal/process/task_queues.js:97:5)"}
{"message":"Connected to DB ","level":"info"}
{"message":"Connected to DB ","level":"info"}
{"message":"Connected to DB ","level":"info"}
{"message":"Connected to DB ","level":"info"}
{"message":"Connected to DB ","level":"info"}
{"message":"Connected to DB ","level":"info"}
{"message":"Connected to DB ","level":"info"}
{"message":"Connected to DB ","level":"info"}
{"message":"Connected to DB ","level":"info"}
{"message":"Connected to DB ","level":"info"}
{"message":"Connected to DB ","level":"info"}
{"message":"Connected to DB ","level":"info"}
{"message":"Connected to DB ","level":"info"}
{"message":"Connected to DB ","level":"info"}
{"message":"Connected to DB ","level":"info"}
{"message":"Connected to DB ","level":"info"}
{"message":"Connected to DB ","level":"info"}
{"message":"Connected to DB ","level":"info"}
{"message":"Connected to DB ","level":"info"}
{"message":"Connected to DB ","level":"info"}
{"message":"Connected to DB ","level":"info"}
{"message":"Connected to DB ","level":"info"}
{"message":"Connected to DB ","level":"info"}
{"message":"Connected to DB ","level":"info"}
{"message":"Connected to DB ","level":"info"}
{"message":"Connected to DB ","level":"info"}
{"message":"Connected to DB ","level":"info"}
{"message":"Connected to DB ","level":"info"}
{"message":"Connected to DB ","level":"info"}
{"message":"Connected to DB ","level":"info"}
{"message":"Connected to DB ","level":"info"}
{"message":"Connected to DB ","level":"info"}
{"message":"Connected to DB ","level":"info"}
{"message":"Connected to DB ","level":"info"}
{"message":"Connected to DB ","level":"info"}
{"message":"Connected to DB ","level":"info"}
{"message":"Connected to DB ","level":"info"}
{"message":"Connected to DB ","level":"info"}
{"message":"Connected to DB ","level":"info"}
{"message":"Connected to DB ","level":"info"}
{"message":"Connected to DB ","level":"info"}
{"message":"Connected to DB ","level":"info"}
{"message":"Connected to DB ","level":"info"}
{"message":"Connected to DB ","level":"info"}
{"message":"Connected to DB ","level":"info"}
{"message":"Connected to DB ","level":"info"}
{"message":"Connected to DB ","level":"info"}
{"message":"Connected to DB ","level":"info"}
{"message":"Connected to DB ","level":"info"}
{"message":"Connected to DB ","level":"info"}
{"message":"Connected to DB ","level":"info"}
{"message":"Connected to DB ","level":"info"}
{"message":"Connected to DB ","level":"info"}
{"message":"Connected to DB ","level":"info"}
{"message":"Connected to DB ","level":"info"}
{"message":"Connected to DB ","level":"info"}
{"message":"Connected to DB ","level":"info"}
{"message":"Connected to DB ","level":"info"}
{"message":"Connected to DB ","level":"info"}
{"message":"Connected to DB ","level":"info"}
{"message":"Connected to DB ","level":"info"}
{"message":"Connected to DB ","level":"info"}
{"message":"Connected to DB ","level":"info"}
{"message":"Connected to DB ","level":"info"}
{"message":"Connected to DB ","level":"info"}
{"message":"Connected to DB ","level":"info"}
{"message":"Connected to DB ","level":"info"}
{"message":"Connected to DB ","level":"info"}
{"message":"Connected to DB ","level":"info"}
{"message":"Connected to DB ","level":"info"}
{"message":"Connected to DB ","level":"info"}
{"message":"Connected to DB ","level":"info"}
{"message":"Connected to DB ","level":"info"}
{"message":"Connected to DB ","level":"info"}
{"message":"Connected to DB ","level":"info"}
{"message":"Connected to DB ","level":"info"}
{"message":"Connected to DB ","level":"info"}
{"message":"Connected to DB ","level":"info"}
{"message":"Connected to DB ","level":"info"}
{"message":"Connected to DB ","level":"info"}
{"message":"Connected to DB ","level":"info"}
{"message":"Connected to DB ","level":"info"}
{"message":"Connected to DB ","level":"info"}
{"message":"Connected to DB ","level":"info"}
{"message":"Connected to DB ","level":"info"}
{"message":"Connected to DB ","level":"info"}
{"message":"Connected to DB ","level":"info"}
{"message":"Connected to DB ","level":"info"}
{"message":"Connected to DB ","level":"info"}
{"message":"Connected to DB ","level":"info"}
{"message":"Connected to DB ","level":"info"}
{"message":"Connected to DB ","level":"info"}
{"message":"Connected to DB ","level":"info"}
{"message":"Connected to DB ","level":"info"}
{"message":"Connected to DB ","level":"info"}
{"message":"Connected to DB ","level":"info"}
{"message":"Connected to DB ","level":"info"}
{"message":"Connected to DB ","level":"info"}
{"message":"Connected to DB ","level":"info"}
{"message":"Connected to DB ","level":"info"}
{"message":"Connected to DB ","level":"info"}
{"message":"Connected to DB ","level":"info"}
{"message":"Connected to DB ","level":"info"}
{"message":"Connected to DB ","level":"info"}
{"message":"Connected to DB ","level":"info"}
{"message":"Connected to DB ","level":"info"}
{"message":"Connected to DB ","level":"info"}
{"message":"Connected to DB ","level":"info"}
{"message":"Connected to DB ","level":"info"}
{"message":"Connected to DB ","level":"info"}
{"message":"Connected to DB ","level":"info"}
{"message":"Connected to DB ","level":"info"}
{"message":"Connected to DB ","level":"info"}
{"message":"Connected to DB ","level":"info"}
{"message":"Connected to DB ","level":"info"}
{"message":"Connected to DB ","level":"info"}
{"message":"Connected to DB ","level":"info"}
{"message":"Connected to DB ","level":"info"}
{"message":"Connected to DB ","level":"info"}
{"message":"Connected to DB ","level":"info"}
{"message":"Connected to DB ","level":"info"}
{"message":"Connected to DB ","level":"info"}
{"message":"Connected to DB ","level":"info"}
{"message":"Connected to DB ","level":"info"}
{"message":"Connected to DB ","level":"info"}
{"message":"Connected to DB ","level":"info"}
{"message":"Connected to DB ","level":"info"}
{"message":"Connected to DB ","level":"info"}
{"message":"Connected to DB ","level":"info"}
{"message":"Connected to DB ","level":"info"}
{"message":"Connected to DB ","level":"info"}
{"message":"Connected to DB ","level":"info"}
{"message":"Connected to DB ","level":"info"}
{"message":"Connected to DB ","level":"info"}
{"message":"Connected to DB ","level":"info"}
{"message":"Connected to DB ","level":"info"}
{"message":"Connected to DB ","level":"info"}
{"message":"Connected to DB ","level":"info"}
{"message":"Connected to DB ","level":"info"}
{"message":"Connected to DB ","level":"info"}
{"message":"Connected to DB ","level":"info"}
{"message":"Connected to DB ","level":"info"}
{"message":"Connected to DB ","level":"info"}
{"message":"Connected to DB ","level":"info"}
{"message":"Connected to DB ","level":"info"}
{"message":"Connected to DB ","level":"info"}
{"message":"Connected to DB ","level":"info"}
{"message":"Connected to DB ","level":"info"}
{"message":"Connected to DB ","level":"info"}
{"message":"Connected to DB ","level":"info"}
{"message":"Connected to DB ","level":"info"}
{"message":"Connected to DB ","level":"info"}
{"stringValue":"\"{ 'rrrrrrrrrrrrrr: test': '' }\"","kind":"string","value":{"rrrrrrrrrrrrrr: test":""},"path":"comments","reason":null,"valueType":"Object","level":"error","message":"Cast to string failed for value \"{ 'rrrrrrrrrrrrrr: test': '' }\" (type Object) at path \"comments\" Cast to string failed for value \"{ 'rrrrrrrrrrrrrr: test': '' }\" (type Object) at path \"comments\"","stack":"CastError: Cast to string failed for value \"{ 'rrrrrrrrrrrrrr: test': '' }\" (type Object) at path \"comments\"\n    at SchemaString.cast (/Users/mono/Desktop/Grandone_System/Backend/node_modules/mongoose/lib/schema/string.js:603:11)\n    at SchemaString.SchemaType.applySetters (/Users/mono/Desktop/Grandone_System/Backend/node_modules/mongoose/lib/schematype.js:1122:12)\n    at Proxy._cast (/Users/mono/Desktop/Grandone_System/Backend/node_modules/mongoose/lib/types/array/methods/index.js:245:43)\n    at Proxy._mapCast (/Users/mono/Desktop/Grandone_System/Backend/node_modules/mongoose/lib/types/array/methods/index.js:258:17)\n    at Arguments.map (<anonymous>)\n    at Proxy.push (/Users/mono/Desktop/Grandone_System/Backend/node_modules/mongoose/lib/types/array/methods/index.js:654:21)\n    at /Users/mono/Desktop/Grandone_System/Backend/routes/posts.js:135:16\n    at processTicksAndRejections (node:internal/process/task_queues:96:5)"}
{"message":"Connected to DB ","level":"info"}
{"message":"Connected to DB ","level":"info"}
{"message":"Connected to DB ","level":"info"}
{"message":"Connected to DB ","level":"info"}
{"message":"Connected to DB ","level":"info"}
{"message":"Connected to DB ","level":"info"}
